node.exe : Initialising login role...
At line:1 char:1
+ & "C:\Program Files\nodejs/node.exe" 
"C:\Users\anirb\AppData\Roaming\ ...
+ ~~~~~~~~~~~~~~~~~~~~~~~~~~~~~~~~~~~~~~~~~~~~~~
~~~~~~~~~~~~~~~~~~~~~~~
    + CategoryInfo          : NotSpecified: (In 
   itialising login role...:String) [], Remote  
  Exception
    + FullyQualifiedErrorId : NativeCommandErro 
   r
 
Connecting to remote database...
Remote migration versions not found in local 
migrations directory.

Make sure your local git repo is up-to-date. If 
the error persists, try repairing the migration 
history table:
supabase migration repair --status reverted 
20250104

And update local migrations to match remote 
database:
supabase db pull

