node.exe : Initialising login role...
At line:1 char:1
+ & "C:\Program Files\nodejs/node.exe" 
"C:\Users\anirb\AppData\Roaming\ ...
+ ~~~~~~~~~~~~~~~~~~~~~~~~~~~~~~~~~~~~~~~~~~~~~~~~~~~
~~~~~~~~~~~~~~~~~~
    + CategoryInfo          : NotSpecified: (Initial 
   ising login role...:String) [], RemoteException
    + FullyQualifiedErrorId : NativeCommandError
 
Connecting to remote database...
Skipping migration _archive... (file name must match 
pattern "<timestamp>_name.sql")
Remote migration versions not found in local 
migrations directory.

Make sure your local git repo is up-to-date. If the 
error persists, try repairing the migration history 
table:
supabase migration repair --status reverted 20250103

And update local migrations to match remote database:
supabase db pull

