app/(dashboard)/bills/page.tsx(314,12): error TS2769: No overload matches this call.
  Overload 1 of 2, '(values: { allocation_percentage?: number | null | undefined; amount: number; approval_status?: string | null | undefined; category?: string | null | undefined; church_id: string; created_at?: string | ... 1 more ... | undefined; ... 10 more ...; vendor_name: string; }, options?: { ...; } | undefined): PostgrestFilterBuilder<...>', gave the following error.
    Argument of type '{ vendor_name: string; amount: number; due_date: string; fund_id: string; category: string; frequency: "one-time" | "monthly" | "quarterly" | "yearly"; status: "pending" | "overdue" | "paid"; ... 6 more ...; notes: string | null; }[]' is not assignable to parameter of type '{ allocation_percentage?: number | null | undefined; amount: number; approval_status?: string | null | undefined; category?: string | null | undefined; church_id: string; created_at?: string | ... 1 more ... | undefined; ... 10 more ...; vendor_name: string; }'.
      Type '{ vendor_name: string; amount: number; due_date: string; fund_id: string; category: string; frequency: "one-time" | "monthly" | "quarterly" | "yearly"; status: "pending" | "overdue" | "paid"; ... 6 more ...; notes: string | null; }[]' is missing the following properties from type '{ allocation_percentage?: number | null | undefined; amount: number; approval_status?: string | null | undefined; category?: string | null | undefined; church_id: string; created_at?: string | ... 1 more ... | undefined; ... 10 more ...; vendor_name: string; }': amount, church_id, due_date, frequency, and 2 more.
  Overload 2 of 2, '(values: { allocation_percentage?: number | null | undefined; amount: number; approval_status?: string | null | undefined; category?: string | null | undefined; church_id: string; created_at?: string | ... 1 more ... | undefined; ... 10 more ...; vendor_name: string; }[], options?: { ...; } | undefined): PostgrestFilterBuilder<...>', gave the following error.
    Property 'church_id' is missing in type '{ vendor_name: string; amount: number; due_date: string; fund_id: string; category: string; frequency: "one-time" | "monthly" | "quarterly" | "yearly"; status: "pending" | "overdue" | "paid"; ... 6 more ...; notes: string | null; }' but required in type '{ allocation_percentage?: number | null | undefined; amount: number; approval_status?: string | null | undefined; category?: string | null | undefined; church_id: string; created_at?: string | ... 1 more ... | undefined; ... 10 more ...; vendor_name: string; }'.
app/(dashboard)/bills/page.tsx(363,12): error TS2769: No overload matches this call.
  Overload 1 of 2, '(values: { amount: number; approved_by: string; church_id: string; created_at?: string | null | undefined; id?: string | undefined; purpose: string; receipt_available?: boolean | null | undefined; transaction_date: string; }, options?: { ...; } | undefined): PostgrestFilterBuilder<...>', gave the following error.
    Argument of type '{ amount: number; purpose: string; transaction_date: string; approved_by: string; receipt_available: boolean; }[]' is not assignable to parameter of type '{ amount: number; approved_by: string; church_id: string; created_at?: string | null | undefined; id?: string | undefined; purpose: string; receipt_available?: boolean | null | undefined; transaction_date: string; }'.
      Type '{ amount: number; purpose: string; transaction_date: string; approved_by: string; receipt_available: boolean; }[]' is missing the following properties from type '{ amount: number; approved_by: string; church_id: string; created_at?: string | null | undefined; id?: string | undefined; purpose: string; receipt_available?: boolean | null | undefined; transaction_date: string; }': amount, approved_by, church_id, purpose, transaction_date
  Overload 2 of 2, '(values: { amount: number; approved_by: string; church_id: string; created_at?: string | null | undefined; id?: string | undefined; purpose: string; receipt_available?: boolean | null | undefined; transaction_date: string; }[], options?: { ...; } | undefined): PostgrestFilterBuilder<...>', gave the following error.
    Property 'church_id' is missing in type '{ amount: number; purpose: string; transaction_date: string; approved_by: string; receipt_available: boolean; }' but required in type '{ amount: number; approved_by: string; church_id: string; created_at?: string | null | undefined; id?: string | undefined; purpose: string; receipt_available?: boolean | null | undefined; transaction_date: string; }'.
app/(dashboard)/offerings/page.tsx(107,9): error TS2345: Argument of type '() => Promise<{ data: { amount: number; church_id: string; contributors_count: number | null; created_at: string | null; fund_allocations: Json; id: string; notes: string | null; service_date: string; type: string; offering_member: { ...; }[]; }[] | null; error: PostgrestError | null; }>' is not assignable to parameter of type '() => Promise<{ data: OfferingWithFund[] | null; error: unknown; }>'.
  Type 'Promise<{ data: { amount: number; church_id: string; contributors_count: number | null; created_at: string | null; fund_allocations: Json; id: string; notes: string | null; service_date: string; type: string; offering_member: { ...; }[]; }[] | null; error: PostgrestError | null; }>' is not assignable to type 'Promise<{ data: OfferingWithFund[] | null; error: unknown; }>'.
    Type '{ data: { amount: number; church_id: string; contributors_count: number | null; created_at: string | null; fund_allocations: Json; id: string; notes: string | null; service_date: string; type: string; offering_member: { ...; }[]; }[] | null; error: PostgrestError | null; }' is not assignable to type '{ data: OfferingWithFund[] | null; error: unknown; }'.
      Types of property 'data' are incompatible.
        Type '{ amount: number; church_id: string; contributors_count: number | null; created_at: string | null; fund_allocations: Json; id: string; notes: string | null; service_date: string; type: string; offering_member: { ...; }[]; }[] | null' is not assignable to type 'OfferingWithFund[] | null'.
          Type '{ amount: number; church_id: string; contributors_count: number | null; created_at: string | null; fund_allocations: Json; id: string; notes: string | null; service_date: string; type: string; offering_member: { ...; }[]; }[]' is not assignable to type 'OfferingWithFund[]'.
            Type '{ amount: number; church_id: string; contributors_count: number | null; created_at: string | null; fund_allocations: Json; id: string; notes: string | null; service_date: string; type: string; offering_member: { ...; }[]; }' is not assignable to type 'OfferingWithFund'.
              Types of property 'offering_member' are incompatible.
                Property 'member' is missing in type '{ member: { address: string | null; church_id: string; created_at: string | null; email: string | null; id: string; is_active: boolean | null; membership_date: string | null; name: string; phone: string | null; updated_at: string | null; }; }[]' but required in type '{ member: { address: string | null; church_id: string; created_at: string | null; email: string | null; id: string; is_active: boolean | null; membership_date: string | null; name: string; phone: string | null; updated_at: string | null; }; }'.
app/(dashboard)/offerings/page.tsx(271,16): error TS2769: No overload matches this call.
  Overload 1 of 2, '(values: { amount: number; created_at?: string | null | undefined; id?: string | undefined; member_id: string; offering_id: string; }, options?: { count?: "exact" | "planned" | "estimated" | undefined; } | undefined): PostgrestFilterBuilder<...>', gave the following error.
    Argument of type '{ offering_id: string; member_id: string; }' is not assignable to parameter of type '{ amount: number; created_at?: string | null | undefined; id?: string | undefined; member_id: string; offering_id: string; }'.
      Property 'amount' is missing in type '{ offering_id: string; member_id: string; }' but required in type '{ amount: number; created_at?: string | null | undefined; id?: string | undefined; member_id: string; offering_id: string; }'.
  Overload 2 of 2, '(values: { amount: number; created_at?: string | null | undefined; id?: string | undefined; member_id: string; offering_id: string; }[], options?: { count?: "exact" | "planned" | "estimated" | undefined; defaultToNull?: boolean | undefined; } | undefined): PostgrestFilterBuilder<...>', gave the following error.
    Object literal may only specify known properties, and 'offering_id' does not exist in type '{ amount: number; created_at?: string | null | undefined; id?: string | undefined; member_id: string; offering_id: string; }[]'.
app/(dashboard)/offerings/page.tsx(338,14): error TS2769: No overload matches this call.
  Overload 1 of 2, '(values: { amount: number; created_at?: string | null | undefined; id?: string | undefined; member_id: string; offering_id: string; }, options?: { count?: "exact" | "planned" | "estimated" | undefined; } | undefined): PostgrestFilterBuilder<...>', gave the following error.
    Argument of type '{ offering_id: string; member_id: string; }' is not assignable to parameter of type '{ amount: number; created_at?: string | null | undefined; id?: string | undefined; member_id: string; offering_id: string; }'.
      Property 'amount' is missing in type '{ offering_id: string; member_id: string; }' but required in type '{ amount: number; created_at?: string | null | undefined; id?: string | undefined; member_id: string; offering_id: string; }'.
  Overload 2 of 2, '(values: { amount: number; created_at?: string | null | undefined; id?: string | undefined; member_id: string; offering_id: string; }[], options?: { count?: "exact" | "planned" | "estimated" | undefined; defaultToNull?: boolean | undefined; } | undefined): PostgrestFilterBuilder<...>', gave the following error.
    Object literal may only specify known properties, and 'offering_id' does not exist in type '{ amount: number; created_at?: string | null | undefined; id?: string | undefined; member_id: string; offering_id: string; }[]'.
app/(dashboard)/offerings/page.tsx(901,52): error TS2339: Property 'fellowship_name' does not exist on type '{ address: string | null; church_id: string; created_at: string | null; email: string | null; id: string; is_active: boolean | null; membership_date: string | null; name: string; phone: string | null; updated_at: string | null; }'.
app/(dashboard)/offerings/page.tsx(902,85): error TS2339: Property 'fellowship_name' does not exist on type '{ address: string | null; church_id: string; created_at: string | null; email: string | null; id: string; is_active: boolean | null; membership_date: string | null; name: string; phone: string | null; updated_at: string | null; }'.
app/(dashboard)/preferences/page.tsx(93,24): error TS2339: Property 'preferences' does not exist on type 'SelectQueryError<"column 'preferences' does not exist on 'user_preferences'.">'.
app/(dashboard)/preferences/page.tsx(94,58): error TS2339: Property 'preferences' does not exist on type 'SelectQueryError<"column 'preferences' does not exist on 'user_preferences'.">'.
app/api/advances/route.ts(145,57): error TS2345: Argument of type '{ type: string; amount: number; description: string; transaction_date: any; fund_id: any; category: string; payment_method: string; }' is not assignable to parameter of type '{ amount: number; category: string; church_id: string; created_at?: string | null | undefined; created_by?: string | null | undefined; description: string; fund_id: string; id?: string | undefined; payment_method: string; receipt_number?: string | ... 1 more ... | undefined; transaction_date: string; type: string; }...'.
  Property 'church_id' is missing in type '{ type: string; amount: number; description: string; transaction_date: any; fund_id: any; category: string; payment_method: string; }' but required in type '{ amount: number; category: string; church_id: string; created_at?: string | null | undefined; created_by?: string | null | undefined; description: string; fund_id: string; id?: string | undefined; payment_method: string; receipt_number?: string | ... 1 more ... | undefined; transaction_date: string; type: string; }'.
app/api/advances/route.ts(168,70): error TS2345: Argument of type '{ recipient_name: any; amount: number; purpose: any; advance_date: any; expected_return_date: any; status: any; fund_id: any; amount_returned: number; payment_method: string; approved_by: string; }' is not assignable to parameter of type '{ advance_date: string; amount: number; amount_returned?: number | null | undefined; approved_by: string; church_id: string; created_at?: string | null | undefined; expected_return_date: string; ... 6 more ...; status?: string | ... 1 more ... | undefined; } | { ...; }[]'.
  Property 'church_id' is missing in type '{ recipient_name: any; amount: number; purpose: any; advance_date: any; expected_return_date: any; status: any; fund_id: any; amount_returned: number; payment_method: string; approved_by: string; }' but required in type '{ advance_date: string; amount: number; amount_returned?: number | null | undefined; approved_by: string; church_id: string; created_at?: string | null | undefined; expected_return_date: string; ... 6 more ...; status?: string | ... 1 more ... | undefined; }'.
app/api/advances/route.ts(211,55): error TS2345: Argument of type '{ type: string; amount: number; description: string; transaction_date: any; fund_id: any; category: string; payment_method: string; }' is not assignable to parameter of type '{ amount: number; category: string; church_id: string; created_at?: string | null | undefined; created_by?: string | null | undefined; description: string; fund_id: string; id?: string | undefined; payment_method: string; receipt_number?: string | ... 1 more ... | undefined; transaction_date: string; type: string; }...'.
  Property 'church_id' is missing in type '{ type: string; amount: number; description: string; transaction_date: any; fund_id: any; category: string; payment_method: string; }' but required in type '{ amount: number; category: string; church_id: string; created_at?: string | null | undefined; created_by?: string | null | undefined; description: string; fund_id: string; id?: string | undefined; payment_method: string; receipt_number?: string | ... 1 more ... | undefined; transaction_date: string; type: string; }'.
app/api/auth/me/route.ts(71,23): error TS2339: Property 'phone' does not exist on type '{ created_at: string | null; email: string; full_name: string | null; id: string; role: string | null; updated_at: string | null; }'.
app/api/auth/me/route.ts(72,25): error TS2339: Property 'address' does not exist on type '{ created_at: string | null; email: string; full_name: string | null; id: string; role: string | null; updated_at: string | null; }'.
app/api/auth/me/route.ts(73,21): error TS2339: Property 'bio' does not exist on type '{ created_at: string | null; email: string; full_name: string | null; id: string; role: string | null; updated_at: string | null; }'.
app/api/auth/me/route.ts(74,28): error TS2339: Property 'avatar_url' does not exist on type '{ created_at: string | null; email: string; full_name: string | null; id: string; role: string | null; updated_at: string | null; }'.
app/api/bills/route.ts(111,61): error TS2345: Argument of type '{ vendor_name: any; amount: number; category: any; due_date: any; status: any; fund_id: any; notes: any; frequency: any; }' is not assignable to parameter of type '{ allocation_percentage?: number | null | undefined; amount: number; approval_status?: string | null | undefined; category?: string | null | undefined; church_id: string; created_at?: string | ... 1 more ... | undefined; ... 10 more ...; vendor_name: string; } | { ...; }[]'.
  Property 'church_id' is missing in type '{ vendor_name: any; amount: number; category: any; due_date: any; status: any; fund_id: any; notes: any; frequency: any; }' but required in type '{ allocation_percentage?: number | null | undefined; amount: number; approval_status?: string | null | undefined; category?: string | null | undefined; church_id: string; created_at?: string | ... 1 more ... | undefined; ... 10 more ...; vendor_name: string; }'.
app/api/church-selection/route.ts(5,10): error TS2305: Module '"@/types/database"' has no exported member 'ChurchWithRole'.
app/api/document-attachments/route.ts(112,24): error TS2352: Conversion of type '{ bill_id: any; ledger_entry_id: any; ledger_subgroup_id: any; file_name: any; file_size: number; file_type: any; mime_type: any; storage_path: any; storage_bucket: any; title: any; description: any; ... 7 more ...; created_at: string; }' to type '{ church_id: string; created_at?: string | null | undefined; entity_id: string; entity_type: string; file_name: string; file_path: string; file_size?: number | null | undefined; id?: string | undefined; mime_type?: string | ... 1 more ... | undefined; uploaded_by?: string | ... 1 more ... | undefined; }' may be a mistake because neither type sufficiently overlaps with the other. If this was intentional, convert the expression to 'unknown' first.
  Type '{ bill_id: any; ledger_entry_id: any; ledger_subgroup_id: any; file_name: any; file_size: number; file_type: any; mime_type: any; storage_path: any; storage_bucket: any; title: any; description: any; ... 7 more ...; created_at: string; }' is missing the following properties from type '{ church_id: string; created_at?: string | null | undefined; entity_id: string; entity_type: string; file_name: string; file_path: string; file_size?: number | null | undefined; id?: string | undefined; mime_type?: string | ... 1 more ... | undefined; uploaded_by?: string | ... 1 more ... | undefined; }': church_id, entity_id, entity_type, file_path
app/api/document-attachments/route.ts(190,41): error TS2339: Property 'title' does not exist on type '{ church_id?: string | undefined; created_at?: string | null | undefined; entity_id?: string | undefined; entity_type?: string | undefined; file_name?: string | undefined; file_path?: string | undefined; file_size?: number | ... 1 more ... | undefined; id?: string | undefined; mime_type?: string | ... 1 more ... | u...'.
app/api/document-attachments/route.ts(191,47): error TS2339: Property 'description' does not exist on type '{ church_id?: string | undefined; created_at?: string | null | undefined; entity_id?: string | undefined; entity_type?: string | undefined; file_name?: string | undefined; file_path?: string | undefined; file_size?: number | ... 1 more ... | undefined; id?: string | undefined; mime_type?: string | ... 1 more ... | u...'.
app/api/document-attachments/route.ts(192,44): error TS2339: Property 'category' does not exist on type '{ church_id?: string | undefined; created_at?: string | null | undefined; entity_id?: string | undefined; entity_type?: string | undefined; file_name?: string | undefined; file_path?: string | undefined; file_size?: number | ... 1 more ... | undefined; id?: string | undefined; mime_type?: string | ... 1 more ... | u...'.
app/api/document-attachments/route.ts(193,46): error TS2339: Property 'is_primary' does not exist on type '{ church_id?: string | undefined; created_at?: string | null | undefined; entity_id?: string | undefined; entity_type?: string | undefined; file_name?: string | undefined; file_path?: string | undefined; file_size?: number | ... 1 more ... | undefined; id?: string | undefined; mime_type?: string | ... 1 more ... | u...'.
app/api/document-attachments/route.ts(194,51): error TS2339: Property 'is_confidential' does not exist on type '{ church_id?: string | undefined; created_at?: string | null | undefined; entity_id?: string | undefined; entity_type?: string | undefined; file_name?: string | undefined; file_path?: string | undefined; file_size?: number | ... 1 more ... | undefined; id?: string | undefined; mime_type?: string | ... 1 more ... | u...'.
app/api/document-attachments/route.ts(195,40): error TS2339: Property 'tags' does not exist on type '{ church_id?: string | undefined; created_at?: string | null | undefined; entity_id?: string | undefined; entity_type?: string | undefined; file_name?: string | undefined; file_path?: string | undefined; file_size?: number | ... 1 more ... | undefined; id?: string | undefined; mime_type?: string | ... 1 more ... | u...'.
app/api/document-attachments/route.ts(197,16): error TS2339: Property 'updated_at' does not exist on type '{ church_id?: string | undefined; created_at?: string | null | undefined; entity_id?: string | undefined; entity_type?: string | undefined; file_name?: string | undefined; file_path?: string | undefined; file_size?: number | ... 1 more ... | undefined; id?: string | undefined; mime_type?: string | ... 1 more ... | u...'.
app/api/funds/route.ts(60,7): error TS2353: Object literal may only specify known properties, and 'target_amount' does not exist in type '{ church_id: string; created_at?: string | null | undefined; current_balance?: number | null | undefined; description?: string | null | undefined; fund_type?: string | null | undefined; id?: string | undefined; is_active?: boolean | ... 1 more ... | undefined; name: string; updated_at?: string | ... 1 more ... | und...'.
components/advanced-reports-client.tsx(163,9): error TS2322: Type '(string | null)[]' is not assignable to type 'string[]'.
  Type 'string | null' is not assignable to type 'string'.
    Type 'null' is not assignable to type 'string'.
components/cash-breakdown-client.tsx(160,17): error TS2769: No overload matches this call.
  Overload 1 of 2, '(values: { breakdown_date: string; church_id: string; coins?: number | null | undefined; created_at?: string | null | undefined; denomination_1?: number | null | undefined; denomination_10?: number | ... 1 more ... | undefined; ... 10 more ...; total_amount: number; }, options?: { ...; } | undefined): PostgrestFilterBuilder<...>', gave the following error.
    Argument of type '{ fund_type: string; denomination: number; count: number; }[]' is not assignable to parameter of type '{ breakdown_date: string; church_id: string; coins?: number | null | undefined; created_at?: string | null | undefined; denomination_1?: number | null | undefined; denomination_10?: number | null | undefined; ... 10 more ...; total_amount: number; }'.
      Type '{ fund_type: string; denomination: number; count: number; }[]' is missing the following properties from type '{ breakdown_date: string; church_id: string; coins?: number | null | undefined; created_at?: string | null | undefined; denomination_1?: number | null | undefined; denomination_10?: number | null | undefined; ... 10 more ...; total_amount: number; }': breakdown_date, church_id, total_amount
  Overload 2 of 2, '(values: { breakdown_date: string; church_id: string; coins?: number | null | undefined; created_at?: string | null | undefined; denomination_1?: number | null | undefined; denomination_10?: number | ... 1 more ... | undefined; ... 10 more ...; total_amount: number; }[], options?: { ...; } | undefined): PostgrestFilterBuilder<...>', gave the following error.
    Argument of type '{ fund_type: string; denomination: number; count: number; }[]' is not assignable to parameter of type '{ breakdown_date: string; church_id: string; coins?: number | null | undefined; created_at?: string | null | undefined; denomination_1?: number | null | undefined; denomination_10?: number | null | undefined; ... 10 more ...; total_amount: number; }[]'.
      Type '{ fund_type: string; denomination: number; count: number; }' is missing the following properties from type '{ breakdown_date: string; church_id: string; coins?: number | null | undefined; created_at?: string | null | undefined; denomination_1?: number | null | undefined; denomination_10?: number | null | undefined; ... 10 more ...; total_amount: number; }': breakdown_date, church_id, total_amount
components/church-selector.tsx(9,10): error TS2305: Module '"@/types/database"' has no exported member 'ChurchWithRole'.
components/comprehensive-ledger-dialog.tsx(23,25): error TS2305: Module '"@/types/database"' has no exported member 'Fund'.
components/comprehensive-ledger-dialog.tsx(261,24): error TS2339: Property 'status' does not exist on type 'LedgerEntryWithRelations'.
components/comprehensive-ledger-dialog.tsx(262,26): error TS2339: Property 'priority' does not exist on type 'LedgerEntryWithRelations'.
components/comprehensive-ledger-dialog.tsx(263,33): error TS2339: Property 'approval_status' does not exist on type 'LedgerEntryWithRelations'.
components/comprehensive-ledger-dialog.tsx(264,36): error TS2339: Property 'responsible_parties' does not exist on type 'LedgerEntryWithRelations'.
components/comprehensive-ledger-dialog.tsx(265,33): error TS2339: Property 'default_due_date' does not exist on type 'LedgerEntryWithRelations'.
components/comprehensive-ledger-dialog.tsx(265,86): error TS2339: Property 'default_due_date' does not exist on type 'LedgerEntryWithRelations'.
components/comprehensive-ledger-dialog.tsx(266,22): error TS2339: Property 'notes' does not exist on type 'LedgerEntryWithRelations'.
components/comprehensive-ledger-dialog.tsx(268,9): error TS2322: Type '{ title: string; description: string; purpose: any; status: "active" | "draft" | "cancelled" | "completed"; priority: "low" | "medium" | "high" | "urgent"; default_due_date: string; allocation_percentage: any; notes: any; bills: { ...; }[]; }[]' is not assignable to type 'SubgroupForm[]'.
  Type '{ title: string; description: string; purpose: any; status: "active" | "draft" | "cancelled" | "completed"; priority: "low" | "medium" | "high" | "urgent"; default_due_date: string; allocation_percentage: any; notes: any; bills: { ...; }[]; }' is not assignable to type 'SubgroupForm'.
    Types of property 'bills' are incompatible.
      Type '{ vendor_name: string; amount: string; due_date: string; frequency: "one-time" | "monthly" | "quarterly" | "yearly"; category: string | null; fund_id: string; notes: string; priority: "low" | "medium" | "high" | "urgent"; document: null; existingDocument: { ...; } | null; }[]' is not assignable to type 'BillForm[]'.
        Type '{ vendor_name: string; amount: string; due_date: string; frequency: "one-time" | "monthly" | "quarterly" | "yearly"; category: string | null; fund_id: string; notes: string; priority: "low" | "medium" | "high" | "urgent"; document: null; existingDocument: { ...; } | null; }' is not assignable to type 'BillForm'.
          Types of property 'category' are incompatible.
            Type 'string | null' is not assignable to type 'string'.
              Type 'null' is not assignable to type 'string'.
components/comprehensive-ledger-dialog.tsx(271,29): error TS2339: Property 'purpose' does not exist on type 'LedgerSubgroupWithBills'.
components/comprehensive-ledger-dialog.tsx(272,29): error TS2339: Property 'status' does not exist on type 'LedgerSubgroupWithBills'.
components/comprehensive-ledger-dialog.tsx(273,31): error TS2339: Property 'priority' does not exist on type 'LedgerSubgroupWithBills'.
components/comprehensive-ledger-dialog.tsx(274,38): error TS2339: Property 'default_due_date' does not exist on type 'LedgerSubgroupWithBills'.
components/comprehensive-ledger-dialog.tsx(274,94): error TS2339: Property 'default_due_date' does not exist on type 'LedgerSubgroupWithBills'.
components/comprehensive-ledger-dialog.tsx(275,43): error TS2339: Property 'allocation_percentage' does not exist on type 'LedgerSubgroupWithBills'.
components/comprehensive-ledger-dialog.tsx(276,27): error TS2339: Property 'notes' does not exist on type 'LedgerSubgroupWithBills'.
components/comprehensive-ledger-dialog.tsx(278,38): error TS2339: Property 'document_url' does not exist on type '{ allocation_percentage: number | null; amount: number; approval_status: string | null; category: string | null; church_id: string; created_at: string | null; due_date: string; frequency: string; ... 8 more ...; vendor_name: string; }'.
components/comprehensive-ledger-dialog.tsx(279,25): error TS2339: Property 'document_url' does not exist on type '{ allocation_percentage: number | null; amount: number; approval_status: string | null; category: string | null; church_id: string; created_at: string | null; due_date: string; frequency: string; ... 8 more ...; vendor_name: string; }'.
components/comprehensive-ledger-dialog.tsx(280,26): error TS2339: Property 'document_name' does not exist on type '{ allocation_percentage: number | null; amount: number; approval_status: string | null; category: string | null; church_id: string; created_at: string | null; due_date: string; frequency: string; ... 8 more ...; vendor_name: string; }'.
components/comprehensive-ledger-dialog.tsx(281,26): error TS2339: Property 'document_size' does not exist on type '{ allocation_percentage: number | null; amount: number; approval_status: string | null; category: string | null; church_id: string; created_at: string | null; due_date: string; frequency: string; ... 8 more ...; vendor_name: string; }'.
components/comprehensive-ledger-dialog.tsx(282,26): error TS2339: Property 'document_type' does not exist on type '{ allocation_percentage: number | null; amount: number; approval_status: string | null; category: string | null; church_id: string; created_at: string | null; due_date: string; frequency: string; ... 8 more ...; vendor_name: string; }'.
components/comprehensive-ledger-dialog.tsx(283,32): error TS2339: Property 'document_uploaded_at' does not exist on type '{ allocation_percentage: number | null; amount: number; approval_status: string | null; category: string | null; church_id: string; created_at: string | null; due_date: string; frequency: string; ... 8 more ...; vendor_name: string; }'.
components/comprehensive-ledger-dialog.tsx(287,35): error TS2339: Property 'document_url' does not exist on type '{ allocation_percentage: number | null; amount: number; approval_status: string | null; category: string | null; church_id: string; created_at: string | null; due_date: string; frequency: string; ... 8 more ...; vendor_name: string; }'.
components/comprehensive-ledger-dialog.tsx(288,34): error TS2339: Property 'document_name' does not exist on type '{ allocation_percentage: number | null; amount: number; approval_status: string | null; category: string | null; church_id: string; created_at: string | null; due_date: string; frequency: string; ... 8 more ...; vendor_name: string; }'.
components/comprehensive-ledger-dialog.tsx(289,34): error TS2339: Property 'document_size' does not exist on type '{ allocation_percentage: number | null; amount: number; approval_status: string | null; category: string | null; church_id: string; created_at: string | null; due_date: string; frequency: string; ... 8 more ...; vendor_name: string; }'.
components/comprehensive-ledger-dialog.tsx(307,9): error TS2322: Type '{ vendor_name: string; amount: string; due_date: string; frequency: "one-time" | "monthly" | "quarterly" | "yearly"; category: string | null; fund_id: string; notes: string; priority: "low" | "medium" | "high" | "urgent"; document: null; existingDocument: { ...; } | null; }[]' is not assignable to type 'BillForm[]'.
  Type '{ vendor_name: string; amount: string; due_date: string; frequency: "one-time" | "monthly" | "quarterly" | "yearly"; category: string | null; fund_id: string; notes: string; priority: "low" | "medium" | "high" | "urgent"; document: null; existingDocument: { ...; } | null; }' is not assignable to type 'BillForm'.
    Types of property 'category' are incompatible.
      Type 'string | null' is not assignable to type 'string'.
        Type 'null' is not assignable to type 'string'.
components/comprehensive-ledger-dialog.tsx(308,36): error TS2339: Property 'document_url' does not exist on type '{ allocation_percentage: number | null; amount: number; approval_status: string | null; category: string | null; church_id: string; created_at: string | null; due_date: string; frequency: string; ... 8 more ...; vendor_name: string; }'.
components/comprehensive-ledger-dialog.tsx(309,23): error TS2339: Property 'document_url' does not exist on type '{ allocation_percentage: number | null; amount: number; approval_status: string | null; category: string | null; church_id: string; created_at: string | null; due_date: string; frequency: string; ... 8 more ...; vendor_name: string; }'.
components/comprehensive-ledger-dialog.tsx(310,24): error TS2339: Property 'document_name' does not exist on type '{ allocation_percentage: number | null; amount: number; approval_status: string | null; category: string | null; church_id: string; created_at: string | null; due_date: string; frequency: string; ... 8 more ...; vendor_name: string; }'.
components/comprehensive-ledger-dialog.tsx(311,24): error TS2339: Property 'document_size' does not exist on type '{ allocation_percentage: number | null; amount: number; approval_status: string | null; category: string | null; church_id: string; created_at: string | null; due_date: string; frequency: string; ... 8 more ...; vendor_name: string; }'.
components/comprehensive-ledger-dialog.tsx(312,24): error TS2339: Property 'document_type' does not exist on type '{ allocation_percentage: number | null; amount: number; approval_status: string | null; category: string | null; church_id: string; created_at: string | null; due_date: string; frequency: string; ... 8 more ...; vendor_name: string; }'.
components/comprehensive-ledger-dialog.tsx(313,30): error TS2339: Property 'document_uploaded_at' does not exist on type '{ allocation_percentage: number | null; amount: number; approval_status: string | null; category: string | null; church_id: string; created_at: string | null; due_date: string; frequency: string; ... 8 more ...; vendor_name: string; }'.
components/comprehensive-ledger-dialog.tsx(317,33): error TS2339: Property 'document_url' does not exist on type '{ allocation_percentage: number | null; amount: number; approval_status: string | null; category: string | null; church_id: string; created_at: string | null; due_date: string; frequency: string; ... 8 more ...; vendor_name: string; }'.
components/comprehensive-ledger-dialog.tsx(318,32): error TS2339: Property 'document_name' does not exist on type '{ allocation_percentage: number | null; amount: number; approval_status: string | null; category: string | null; church_id: string; created_at: string | null; due_date: string; frequency: string; ... 8 more ...; vendor_name: string; }'.
components/comprehensive-ledger-dialog.tsx(319,32): error TS2339: Property 'document_size' does not exist on type '{ allocation_percentage: number | null; amount: number; approval_status: string | null; category: string | null; church_id: string; created_at: string | null; due_date: string; frequency: string; ... 8 more ...; vendor_name: string; }'.
components/dashboard-client.tsx(7,15): error TS2305: Module '"@/types/database"' has no exported member 'AuthUser'.
components/header-church-selector.tsx(10,10): error TS2305: Module '"@/types/database"' has no exported member 'ChurchWithRole'.
components/ledger-entries-client.tsx(199,61): error TS2339: Property 'status' does not exist on type 'LedgerEntryWithRelations'.
components/ledger-entries-client.tsx(200,64): error TS2339: Property 'status' does not exist on type 'LedgerEntryWithRelations'.
components/ledger-entries-client.tsx(330,60): error TS2339: Property 'id' does not exist on type 'LedgerEntryWithRelations'.
components/ledger-entries-client.tsx(335,34): error TS2339: Property 'id' does not exist on type 'LedgerEntryWithRelations'.
components/ledger-entries-client.tsx(343,69): error TS2339: Property 'id' does not exist on type 'LedgerEntryWithRelations'.
components/ledger-entries-client.tsx(353,142): error TS2339: Property 'title' does not exist on type 'LedgerEntryWithRelations'.
components/ledger-entries-client.tsx(354,34): error TS2339: Property 'description' does not exist on type 'LedgerEntryWithRelations'.
components/ledger-entries-client.tsx(355,73): error TS2339: Property 'description' does not exist on type 'LedgerEntryWithRelations'.
components/ledger-entries-client.tsx(360,47): error TS2339: Property 'status' does not exist on type 'LedgerEntryWithRelations'.
components/ledger-entries-client.tsx(361,49): error TS2339: Property 'priority' does not exist on type 'LedgerEntryWithRelations'.
components/ledger-entries-client.tsx(370,88): error TS2345: Argument of type 'LedgerEntryWithRelations' is not assignable to parameter of type '{ church_id: string; created_at: string | null; description: string | null; entry_type: string; id: string; is_active: boolean | null; sort_order: number | null; title: string; updated_at: string | null; }'.
  Type 'LedgerEntryWithRelations' is missing the following properties from type '{ church_id: string; created_at: string | null; description: string | null; entry_type: string; id: string; is_active: boolean | null; sort_order: number | null; title: string; updated_at: string | null; }': church_id, created_at, description, entry_type, and 5 more.
components/ledger-entries-client.tsx(375,68): error TS2339: Property 'id' does not exist on type 'LedgerEntryWithRelations'.
components/ledger-entries-client.tsx(389,30): error TS2339: Property 'default_due_date' does not exist on type 'LedgerEntryWithRelations'.
components/ledger-entries-client.tsx(392,56): error TS2339: Property 'default_due_date' does not exist on type 'LedgerEntryWithRelations'.
components/ledger-entries-client.tsx(395,30): error TS2339: Property 'total_amount' does not exist on type 'LedgerEntryWithRelations'.
components/ledger-entries-client.tsx(397,66): error TS2339: Property 'total_amount' does not exist on type 'LedgerEntryWithRelations'.
components/ledger-entries-client.tsx(400,30): error TS2339: Property 'responsible_parties' does not exist on type 'LedgerEntryWithRelations'.
components/ledger-entries-client.tsx(400,59): error TS2339: Property 'responsible_parties' does not exist on type 'LedgerEntryWithRelations'.
components/ledger-entries-client.tsx(403,40): error TS2339: Property 'responsible_parties' does not exist on type 'LedgerEntryWithRelations'.
components/ledger-entries-client.tsx(440,74): error TS2345: Argument of type 'LedgerEntryWithRelations' is not assignable to parameter of type '{ church_id: string; created_at: string | null; description: string | null; entry_type: string; id: string; is_active: boolean | null; sort_order: number | null; title: string; updated_at: string | null; }'.
  Type 'LedgerEntryWithRelations' is missing the following properties from type '{ church_id: string; created_at: string | null; description: string | null; entry_type: string; id: string; is_active: boolean | null; sort_order: number | null; title: string; updated_at: string | null; }': church_id, created_at, description, entry_type, and 5 more.
components/ledger-entries-client.tsx(452,54): error TS2339: Property 'id' does not exist on type 'LedgerSubgroupWithBills'.
components/ledger-entries-client.tsx(455,90): error TS2339: Property 'title' does not exist on type 'LedgerSubgroupWithBills'.
components/ledger-entries-client.tsx(456,51): error TS2339: Property 'description' does not exist on type 'LedgerSubgroupWithBills'.
components/ledger-entries-client.tsx(457,90): error TS2339: Property 'description' does not exist on type 'LedgerSubgroupWithBills'.
components/ledger-entries-client.tsx(461,66): error TS2339: Property 'status' does not exist on type 'LedgerSubgroupWithBills'.
components/ledger-entries-client.tsx(462,68): error TS2339: Property 'priority' does not exist on type 'LedgerSubgroupWithBills'.
components/ledger-entries-client.tsx(471,104): error TS2345: Argument of type 'LedgerEntryWithRelations' is not assignable to parameter of type '{ church_id: string; created_at: string | null; description: string | null; entry_type: string; id: string; is_active: boolean | null; sort_order: number | null; title: string; updated_at: string | null; }'.
  Type 'LedgerEntryWithRelations' is missing the following properties from type '{ church_id: string; created_at: string | null; description: string | null; entry_type: string; id: string; is_active: boolean | null; sort_order: number | null; title: string; updated_at: string | null; }': church_id, created_at, description, entry_type, and 5 more.
components/ledger-entries-client.tsx(476,90): error TS2339: Property 'id' does not exist on type 'LedgerSubgroupWithBills'.
components/ledger-entries-client.tsx(519,70): error TS2345: Argument of type 'LedgerEntryWithRelations' is not assignable to parameter of type '{ church_id: string; created_at: string | null; description: string | null; entry_type: string; id: string; is_active: boolean | null; sort_order: number | null; title: string; updated_at: string | null; }'.
  Type 'LedgerEntryWithRelations' is missing the following properties from type '{ church_id: string; created_at: string | null; description: string | null; entry_type: string; id: string; is_active: boolean | null; sort_order: number | null; title: string; updated_at: string | null; }': church_id, created_at, description, entry_type, and 5 more.
components/notifications-client.tsx(79,26): error TS2352: Conversion of type '{ church_id: string; created_at: string | null; id: string; is_read: boolean | null; link: string | null; message: string; title: string; type: string | null; user_id: string | null; }[]' to type 'NotificationData[]' may be a mistake because neither type sufficiently overlaps with the other. If this was intentional, convert the expression to 'unknown' first.
  Type '{ church_id: string; created_at: string | null; id: string; is_read: boolean | null; link: string | null; message: string; title: string; type: string | null; user_id: string | null; }' is missing the following properties from type 'NotificationData': category, read
components/reports/AdvancedFilters.tsx(13,15): error TS2305: Module '"@/types/database"' has no exported member 'Fund'.
components/transactions-client.tsx(54,10): error TS2305: Module '"@/types/database"' has no exported member 'Fund'.
components/transactions-client.tsx(54,16): error TS2305: Module '"@/types/database"' has no exported member 'TransactionWithFund'.
components/ui/member-combobox.tsx(60,18): error TS2352: Conversion of type 'SelectQueryError<"column 'fellowship_name' does not exist on 'members'.">[]' to type 'Member[]' may be a mistake because neither type sufficiently overlaps with the other. If this was intentional, convert the expression to 'unknown' first.
  Type '{ error: true; } & String' is missing the following properties from type 'Member': id, name
components/ui/member-combobox.tsx(89,41): error TS2352: Conversion of type 'SelectQueryError<"column 'fellowship_name' does not exist on 'members'.">' to type 'Member' may be a mistake because neither type sufficiently overlaps with the other. If this was intentional, convert the expression to 'unknown' first.
  Type '{ error: true; } & String' is missing the following properties from type 'Member': id, name
contexts/AuthContext.tsx(5,10): error TS2305: Module '"@/types/database"' has no exported member 'AuthUser'.
contexts/AuthContext.tsx(5,20): error TS2305: Module '"@/types/database"' has no exported member 'UserRole'.
contexts/AuthContext.tsx(7,15): error TS2305: Module '"@/types/database"' has no exported member 'UserRole'.
contexts/ChurchContext.tsx(4,10): error TS2305: Module '"@/types/database"' has no exported member 'ChurchWithRole'.
lib/church-aware-api.ts(4,10): error TS2305: Module '"@/types/database"' has no exported member 'ChurchWithRole'.
lib/component-types.ts(4,3): error TS2305: Module '"@/types/database"' has no exported member 'Fund'.
lib/component-types.ts(5,3): error TS2305: Module '"@/types/database"' has no exported member 'FundSummary'.
lib/component-types.ts(6,3): error TS2305: Module '"@/types/database"' has no exported member 'TransactionWithFund'.
lib/component-types.ts(7,3): error TS2305: Module '"@/types/database"' has no exported member 'BillWithFund'.
lib/component-types.ts(8,3): error TS2305: Module '"@/types/database"' has no exported member 'AdvanceWithFund'.
lib/component-types.ts(9,3): error TS2305: Module '"@/types/database"' has no exported member 'OfferingWithCount'.
lib/component-types.ts(10,3): error TS2305: Module '"@/types/database"' has no exported member 'ChurchWithRole'.
lib/component-types.ts(11,3): error TS2305: Module '"@/types/database"' has no exported member 'UserChurchContext'.
lib/component-types.ts(12,3): error TS2305: Module '"@/types/database"' has no exported member 'ApiResponse'.
lib/enhanced-supabase-helpers.ts(57,107): error TS2339: Property 'fund_summary' does not exist on type '{}'.
lib/notifications/server.ts(19,27): error TS2345: Argument of type '"generate_bill_due_notifications"' is not assignable to parameter of type '"get_user_churches" | "search_similar_documents" | "user_has_church_access"'.
lib/notifications/server.ts(20,27): error TS2345: Argument of type '"generate_transaction_notifications"' is not assignable to parameter of type '"get_user_churches" | "search_similar_documents" | "user_has_church_access"'.
lib/notifications/server.ts(21,27): error TS2345: Argument of type '"generate_offering_notifications"' is not assignable to parameter of type '"get_user_churches" | "search_similar_documents" | "user_has_church_access"'.
lib/notifications/server.ts(22,27): error TS2345: Argument of type '"generate_advance_notifications"' is not assignable to parameter of type '"get_user_churches" | "search_similar_documents" | "user_has_church_access"'.
lib/notifications/server.ts(35,49): error TS2345: Argument of type '"generate_bill_due_notifications"' is not assignable to parameter of type '"get_user_churches" | "search_similar_documents" | "user_has_church_access"'.
lib/notifications/server.ts(48,49): error TS2345: Argument of type '"generate_transaction_notifications"' is not assignable to parameter of type '"get_user_churches" | "search_similar_documents" | "user_has_church_access"'.
lib/notifications/server.ts(61,49): error TS2345: Argument of type '"generate_offering_notifications"' is not assignable to parameter of type '"get_user_churches" | "search_similar_documents" | "user_has_church_access"'.
lib/notifications/server.ts(74,49): error TS2345: Argument of type '"generate_advance_notifications"' is not assignable to parameter of type '"get_user_churches" | "search_similar_documents" | "user_has_church_access"'.
lib/notifications/server.ts(96,14): error TS2352: Conversion of type '{ church_id: string; created_at: string | null; id: string; is_read: boolean | null; link: string | null; message: string; title: string; type: string | null; user_id: string | null; }[]' to type 'Notification[]' may be a mistake because neither type sufficiently overlaps with the other. If this was intentional, convert the expression to 'unknown' first.
  Type '{ church_id: string; created_at: string | null; id: string; is_read: boolean | null; link: string | null; message: string; title: string; type: string | null; user_id: string | null; }' is missing the following properties from type 'Notification': category, read
lib/notificationService.ts(21,22): error TS2345: Argument of type '"generate_bill_due_notifications"' is not assignable to parameter of type '"get_user_churches" | "search_similar_documents" | "user_has_church_access"'.
lib/notificationService.ts(22,22): error TS2345: Argument of type '"generate_transaction_notifications"' is not assignable to parameter of type '"get_user_churches" | "search_similar_documents" | "user_has_church_access"'.
lib/notificationService.ts(23,22): error TS2345: Argument of type '"generate_offering_notifications"' is not assignable to parameter of type '"get_user_churches" | "search_similar_documents" | "user_has_church_access"'.
lib/notificationService.ts(24,22): error TS2345: Argument of type '"generate_advance_notifications"' is not assignable to parameter of type '"get_user_churches" | "search_similar_documents" | "user_has_church_access"'.
lib/notificationService.ts(37,44): error TS2345: Argument of type '"generate_bill_due_notifications"' is not assignable to parameter of type '"get_user_churches" | "search_similar_documents" | "user_has_church_access"'.
lib/notificationService.ts(49,44): error TS2345: Argument of type '"generate_transaction_notifications"' is not assignable to parameter of type '"get_user_churches" | "search_similar_documents" | "user_has_church_access"'.
lib/notificationService.ts(61,44): error TS2345: Argument of type '"generate_offering_notifications"' is not assignable to parameter of type '"get_user_churches" | "search_similar_documents" | "user_has_church_access"'.
lib/notificationService.ts(73,44): error TS2345: Argument of type '"generate_advance_notifications"' is not assignable to parameter of type '"get_user_churches" | "search_similar_documents" | "user_has_church_access"'.
lib/server-church-context.ts(4,15): error TS2305: Module '"@/types/database"' has no exported member 'ChurchWithRole'.
lib/server-data.ts(7,3): error TS2305: Module '"@/types/database"' has no exported member 'FundSummary'.
lib/server-data.ts(8,3): error TS2305: Module '"@/types/database"' has no exported member 'TransactionWithFund'.
lib/server-data.ts(9,3): error TS2305: Module '"@/types/database"' has no exported member 'BillWithFund'.
lib/server-data.ts(10,3): error TS2305: Module '"@/types/database"' has no exported member 'AdvanceWithFund'.
lib/server-data.ts(11,3): error TS2305: Module '"@/types/database"' has no exported member 'LedgerEntry'.
lib/server-data.ts(12,3): error TS2305: Module '"@/types/database"' has no exported member 'LedgerSubgroup'.
lib/server-data.ts(13,3): error TS2305: Module '"@/types/database"' has no exported member 'Bill'.
lib/server-data.ts(14,3): error TS2305: Module '"@/types/database"' has no exported member 'Fund'.
lib/server-data.ts(15,3): error TS2305: Module '"@/types/database"' has no exported member 'AuthUser'.
lib/server-data.ts(64,23): error TS2339: Property 'phone' does not exist on type '{ created_at: string | null; email: string; full_name: string | null; id: string; role: string | null; updated_at: string | null; }'.
lib/server-data.ts(65,25): error TS2339: Property 'address' does not exist on type '{ created_at: string | null; email: string; full_name: string | null; id: string; role: string | null; updated_at: string | null; }'.
lib/server-data.ts(66,21): error TS2339: Property 'bio' does not exist on type '{ created_at: string | null; email: string; full_name: string | null; id: string; role: string | null; updated_at: string | null; }'.
lib/server-data.ts(67,28): error TS2339: Property 'avatar_url' does not exist on type '{ created_at: string | null; email: string; full_name: string | null; id: string; role: string | null; updated_at: string | null; }'.
lib/server-data.ts(415,5): error TS2322: Type '{ church_id: string; created_at: string | null; description: string | null; entry_type: string; id: string; is_active: boolean | null; sort_order: number | null; title: string; updated_at: string | null; ledger_subgroups: { ...; }[]; bills: { ...; }[]; }[]' is not assignable to type 'LedgerEntryWithRelations[]'.
  Type '{ church_id: string; created_at: string | null; description: string | null; entry_type: string; id: string; is_active: boolean | null; sort_order: number | null; title: string; updated_at: string | null; ledger_subgroups: { ...; }[]; bills: { ...; }[]; }' is not assignable to type 'LedgerEntryWithRelations'.
    Types of property 'ledger_subgroups' are incompatible.
      Type '{ created_at: string | null; description: string | null; id: string; ledger_entry_id: string; sort_order: number | null; title: string; updated_at: string | null; }[]' is not assignable to type 'LedgerSubgroupWithBills[]'.
        Type '{ created_at: string | null; description: string | null; id: string; ledger_entry_id: string; sort_order: number | null; title: string; updated_at: string | null; }' has no properties in common with type 'LedgerSubgroupWithBills'.
lib/server-data.ts(642,12): error TS2352: Conversion of type '{ breakdown_date: string; church_id: string; coins: number | null; created_at: string | null; denomination_1: number | null; denomination_10: number | null; denomination_100: number | null; ... 9 more ...; total_amount: number; }[]' to type 'CashBreakdownData[]' may be a mistake because neither type sufficiently overlaps with the other. If this was intentional, convert the expression to 'unknown' first.
  Type '{ breakdown_date: string; church_id: string; coins: number | null; created_at: string | null; denomination_1: number | null; denomination_10: number | null; denomination_100: number | null; ... 9 more ...; total_amount: number; }' is missing the following properties from type 'CashBreakdownData': fund_type, denomination, count
lib/server-data.ts(970,12): error TS2352: Conversion of type '{ church_id: string; created_at: string | null; id: string; is_read: boolean | null; link: string | null; message: string; title: string; type: string | null; user_id: string | null; }[]' to type 'NotificationData[]' may be a mistake because neither type sufficiently overlaps with the other. If this was intentional, convert the expression to 'unknown' first.
  Type '{ church_id: string; created_at: string | null; id: string; is_read: boolean | null; link: string | null; message: string; title: string; type: string | null; user_id: string | null; }' is missing the following properties from type 'NotificationData': category, read
lib/type-safe-api.ts(217,92): error TS2339: Property 'fund_summary' does not exist on type '{}'.
lib/type-safe-api.ts(222,13): error TS2769: No overload matches this call.
  Overload 1 of 2, '(relation: "churches" | "funds" | "ai_conversations" | "ledger_entries" | "ledger_subgroups" | "members" | "offerings" | "roles" | "advances" | "ai_messages" | "bills" | "cash_breakdown" | ... 8 more ... | "users"): PostgrestQueryBuilder<...>', gave the following error.
    Argument of type '"fund_summary"' is not assignable to parameter of type '"churches" | "funds" | "ai_conversations" | "ledger_entries" | "ledger_subgroups" | "members" | "offerings" | "roles" | "advances" | "ai_messages" | "bills" | "cash_breakdown" | ... 8 more ... | "users"'.
  Overload 2 of 2, '(relation: never): PostgrestQueryBuilder<{ Tables: { advances: { Row: { advance_date: string; amount: number; amount_returned: number | null; approved_by: string; church_id: string; created_at: string | null; ... 7 more ...; status: string | null; }; Insert: { ...; }; Update: { ...; }; Relationships: [...]; }; ... 19 more ...; users: { ...; }; }; Views: {}; Functions: { ...; }; Enums: {}; CompositeTypes: {}; }, never, never, never>', gave the following error.
    Argument of type '"fund_summary"' is not assignable to parameter of type 'never'.
lib/type-safe-api.ts(246,10): error TS2551: Property 'created_by' does not exist on type '{ church_id: string; created_at?: string | null | undefined; current_balance?: number | null | undefined; description?: string | null | undefined; fund_type?: string | null | undefined; id?: string | undefined; is_active?: boolean | ... 1 more ... | undefined; name: string; updated_at?: string | ... 1 more ... | und...'. Did you mean 'created_at'?
